This is pdfTeX, Version 3.14159265-2.6-1.40.18 (TeX Live 2017/Arch Linux) (preloaded format=pdflatex 2017.11.22)  22 NOV 2017 14:56
entering extended mode
 restricted \write18 enabled.
 %&-line parsing enabled.
**Duque_Espanol
(./Duque_Espanol.tex
LaTeX2e <2017-04-15>
Babel <3.15> and hyphenation patterns for 84 language(s) loaded.
(./ws-ijcm.cls
Document Class: ws-ijcm 1999/09/09 v1.0 Standardized LaTeX document class
\trimheight=\dimen102
\trimwidth=\dimen103
\typeheight=\dimen104
\typewidth=\dimen105
\draftrule=\dimen106
\tempdimen=\dimen107
\tablewidth=\dimen108
\normaltextheight=\dimen109
\tempbox=\box26
\tablewd=\dimen110
\c@section=\count79
\c@subsection=\count80
\c@subsubsection=\count81
\c@paragraph=\count82
\c@subparagraph=\count83
\c@figure=\count84

Warning: psfig.sty could be be found.


Warning: epsfsafe.tex could not be found.


epsfig.sty inputed...ok
(/usr/share/texmf-dist/tex/latex/graphics/epsfig.sty

LaTeX Warning: You have requested document class `ws-ijcm',
               but the document class provides `epsfig'.

Document Class: epsfig 2017/06/25 v1.7b (e)psfig emulation (SPQR)
(/usr/share/texmf-dist/tex/latex/graphics/graphicx.sty
Package: graphicx 2017/06/01 v1.1a Enhanced LaTeX Graphics (DPC,SPQR)

(/usr/share/texmf-dist/tex/latex/graphics/keyval.sty
Package: keyval 2014/10/28 v1.15 key=value parser (DPC)
\KV@toks@=\toks14
)
(/usr/share/texmf-dist/tex/latex/graphics/graphics.sty
Package: graphics 2017/06/25 v1.2c Standard LaTeX Graphics (DPC,SPQR)

(/usr/share/texmf-dist/tex/latex/graphics/trig.sty
Package: trig 2016/01/03 v1.10 sin cos tan (DPC)
)
(/usr/share/texmf-dist/tex/latex/graphics-cfg/graphics.cfg
File: graphics.cfg 2016/06/04 v1.11 sample graphics configuration
)
Package graphics Info: Driver file: pdftex.def on input line 99.

(/usr/share/texmf-dist/tex/latex/graphics-def/pdftex.def
File: pdftex.def 2017/06/24 v1.0g Graphics/color driver for pdftex
))
\Gin@req@height=\dimen111
\Gin@req@width=\dimen112
)
\epsfxsize=\dimen113
\epsfysize=\dimen114
)

epsf.sty inputed...ok
(/usr/share/texmf-dist/tex/generic/epsf/epsf.sty
This is `epsf.tex' v2.7.4 <14 February 2011>
\epsffilein=\read1
\epsfframemargin=\dimen115
\epsfframethickness=\dimen116
\epsfrsize=\dimen117
\epsftmp=\dimen118
\epsftsize=\dimen119
\epsfxsize=\dimen120
\epsfysize=\dimen121
\pspoints=\dimen122
)
\c@table=\count85
\tabledim=\dimen123
\abovecaptionskip=\skip41
\belowcaptionskip=\skip42
\c@theorem=\count86
\bibindent=\dimen124
\c@appendix=\count87
\minute=\count88
\hour=\count89
 (/usr/share/texmf-dist/tex/latex/amsfonts/amsfonts.sty
Package: amsfonts 2013/01/14 v3.01 Basic AMSFonts support
\@emptytoks=\toks15
\symAMSa=\mathgroup4
\symAMSb=\mathgroup5
LaTeX Font Info:    Overwriting math alphabet `\mathfrak' in version `bold'
(Font)                  U/euf/m/n --> U/euf/b/n on input line 106.
)
(/usr/share/texmf-dist/tex/latex/amsfonts/amssymb.sty
Package: amssymb 2013/01/14 v3.01 AMS font symbols
)
(/usr/share/texmf-dist/tex/latex/amsmath/amsmath.sty
Package: amsmath 2017/09/02 v2.17a AMS math features
\@mathmargin=\skip43

For additional information on amsmath, use the `?' option.
(/usr/share/texmf-dist/tex/latex/amsmath/amstext.sty
Package: amstext 2000/06/29 v2.01 AMS text

(/usr/share/texmf-dist/tex/latex/amsmath/amsgen.sty
File: amsgen.sty 1999/11/30 v2.0 generic functions
\@emptytoks=\toks16
\ex@=\dimen125
))
(/usr/share/texmf-dist/tex/latex/amsmath/amsbsy.sty
Package: amsbsy 1999/11/29 v1.2d Bold Symbols
\pmbraise@=\dimen126
)
(/usr/share/texmf-dist/tex/latex/amsmath/amsopn.sty
Package: amsopn 2016/03/08 v2.02 operator names
)
\inf@bad=\count90
LaTeX Info: Redefining \frac on input line 213.
\uproot@=\count91
\leftroot@=\count92
LaTeX Info: Redefining \overline on input line 375.
\classnum@=\count93
\DOTSCASE@=\count94
LaTeX Info: Redefining \ldots on input line 472.
LaTeX Info: Redefining \dots on input line 475.
LaTeX Info: Redefining \cdots on input line 596.
\Mathstrutbox@=\box27
\strutbox@=\box28
\big@size=\dimen127
LaTeX Font Info:    Redeclaring font encoding OML on input line 712.
LaTeX Font Info:    Redeclaring font encoding OMS on input line 713.
\macc@depth=\count95
\c@MaxMatrixCols=\count96
\dotsspace@=\muskip10
\c@parentequation=\count97
\dspbrk@lvl=\count98
\tag@help=\toks17
\row@=\count99
\column@=\count100
\maxfields@=\count101
\andhelp@=\toks18
\eqnshift@=\dimen128
\alignsep@=\dimen129
\tagshift@=\dimen130
\tagwidth@=\dimen131
\totwidth@=\dimen132
\lineht@=\dimen133
\@envbody=\toks19
\multlinegap=\skip44
\multlinetaggap=\skip45
\mathdisplay@stack=\toks20
LaTeX Info: Redefining \[ on input line 2817.
LaTeX Info: Redefining \] on input line 2818.
))
(/usr/share/texmf-dist/tex/latex/multirow/multirow.sty
Package: multirow 2016/11/25 v2.2 Span multiple rows of a table
\multirow@colwidth=\skip46
\multirow@cntb=\count102
\multirow@dima=\skip47
\bigstrutjot=\dimen134
)
(/usr/share/texmf-dist/tex/latex/natbib/natbib.sty
Package: natbib 2010/09/13 8.31b (PWD, AO)
\bibhang=\skip48
\bibsep=\skip49
LaTeX Info: Redefining \cite on input line 694.
LaTeX Info: Redefining \citeauthor on input line 712.
LaTeX Info: Redefining \citeyear on input line 735.
\c@NAT@ctr=\count103
) (./Duque_Espanol.aux)
\openout1 = `Duque_Espanol.aux'.

LaTeX Font Info:    Checking defaults for OML/cmm/m/it on input line 31.
LaTeX Font Info:    ... okay on input line 31.
LaTeX Font Info:    Checking defaults for T1/cmr/m/n on input line 31.
LaTeX Font Info:    ... okay on input line 31.
LaTeX Font Info:    Checking defaults for OT1/cmr/m/n on input line 31.
LaTeX Font Info:    ... okay on input line 31.
LaTeX Font Info:    Checking defaults for OMS/cmsy/m/n on input line 31.
LaTeX Font Info:    ... okay on input line 31.
LaTeX Font Info:    Checking defaults for OMX/cmex/m/n on input line 31.
LaTeX Font Info:    ... okay on input line 31.
LaTeX Font Info:    Checking defaults for U/cmr/m/n on input line 31.
LaTeX Font Info:    ... okay on input line 31.

(/usr/share/texmf-dist/tex/context/base/mkii/supp-pdf.mkii
[Loading MPS to PDF converter (version 2006.09.02).]
\scratchcounter=\count104
\scratchdimen=\dimen135
\scratchbox=\box29
\nofMPsegments=\count105
\nofMParguments=\count106
\everyMPshowfont=\toks21
\MPscratchCnt=\count107
\MPscratchDim=\dimen136
\MPnumerator=\count108
\makeMPintoPDFobject=\count109
\everyMPtoPDFconversion=\toks22
) (/usr/share/texmf-dist/tex/latex/oberdiek/epstopdf-base.sty
Package: epstopdf-base 2016/05/15 v2.6 Base part for package epstopdf

(/usr/share/texmf-dist/tex/generic/oberdiek/infwarerr.sty
Package: infwarerr 2016/05/16 v1.4 Providing info/warning/error messages (HO)
)
(/usr/share/texmf-dist/tex/latex/oberdiek/grfext.sty
Package: grfext 2016/05/16 v1.2 Manage graphics extensions (HO)

(/usr/share/texmf-dist/tex/generic/oberdiek/kvdefinekeys.sty
Package: kvdefinekeys 2016/05/16 v1.4 Define keys (HO)

(/usr/share/texmf-dist/tex/generic/oberdiek/ltxcmds.sty
Package: ltxcmds 2016/05/16 v1.23 LaTeX kernel commands for general use (HO)
)))
(/usr/share/texmf-dist/tex/latex/oberdiek/kvoptions.sty
Package: kvoptions 2016/05/16 v3.12 Key value format for package options (HO)

(/usr/share/texmf-dist/tex/generic/oberdiek/kvsetkeys.sty
Package: kvsetkeys 2016/05/16 v1.17 Key value parser (HO)

(/usr/share/texmf-dist/tex/generic/oberdiek/etexcmds.sty
Package: etexcmds 2016/05/16 v1.6 Avoid name clashes with e-TeX commands (HO)

(/usr/share/texmf-dist/tex/generic/oberdiek/ifluatex.sty
Package: ifluatex 2016/05/16 v1.4 Provides the ifluatex switch (HO)
Package ifluatex Info: LuaTeX not detected.
)
Package etexcmds Info: Could not find \expanded.
(etexcmds)             That can mean that you are not using pdfTeX 1.50 or
(etexcmds)             that some package has redefined \expanded.
(etexcmds)             In the latter case, load this package earlier.
)))
(/usr/share/texmf-dist/tex/generic/oberdiek/pdftexcmds.sty
Package: pdftexcmds 2017/03/19 v0.25 Utility functions of pdfTeX for LuaTeX (HO
)

(/usr/share/texmf-dist/tex/generic/oberdiek/ifpdf.sty
Package: ifpdf 2017/03/15 v3.2 Provides the ifpdf switch
)
Package pdftexcmds Info: LuaTeX not detected.
Package pdftexcmds Info: \pdf@primitive is available.
Package pdftexcmds Info: \pdf@ifprimitive is available.
Package pdftexcmds Info: \pdfdraftmode found.
)
Package epstopdf-base Info: Redefining graphics rule for `.eps' on input line 4
38.
Package grfext Info: Graphics extension search list:
(grfext)             [.pdf,.png,.jpg,.mps,.jpeg,.jbig2,.jb2,.PDF,.PNG,.JPG,.JPE
G,.JBIG2,.JB2,.eps]
(grfext)             \AppendGraphicsExtensions on input line 456.

(/usr/share/texmf-dist/tex/latex/latexconfig/epstopdf-sys.cfg
File: epstopdf-sys.cfg 2010/07/13 v1.3 Configuration of (r)epstopdf for TeX Liv
e
))
LaTeX Font Info:    Try loading font information for OMS+cmr on input line 65.

(/usr/share/texmf-dist/tex/latex/base/omscmr.fd
File: omscmr.fd 2014/09/29 v2.5h Standard LaTeX font definitions
)
LaTeX Font Info:    Font shape `OMS/cmr/m/n' in size <8> not available
(Font)              Font shape `OMS/cmsy/m/n' tried instead on input line 65.
LaTeX Font Info:    Try loading font information for U+msa on input line 65.

(/usr/share/texmf-dist/tex/latex/amsfonts/umsa.fd
File: umsa.fd 2013/01/14 v3.01 AMS symbols A
)
LaTeX Font Info:    Try loading font information for U+msb on input line 65.

(/usr/share/texmf-dist/tex/latex/amsfonts/umsb.fd
File: umsb.fd 2013/01/14 v3.01 AMS symbols B
) [1{/var/lib/texmf/fonts/map/pdftex/updmap/pdftex.map}

] [2] [3] [4] [5] [6] [7] [8] [9]
<1D_final.pdf, id=48, pagebox=cropbox, 697.60625pt x 475.7775pt>
File: 1D_final.pdf Graphic file (type pdf)
<use 1D_final.pdf>
Package pdftex.def Info: 1D_final.pdf  used on input line 765. on input line 76
5.
Package pdftex.def Info: Requested size: 162.4489pt x 110.79135pt on input line
 765.
<1D_final_pert.pdf, id=49, pagebox=cropbox, 697.60625pt x 475.7775pt>
File: 1D_final_pert.pdf Graphic file (type pdf)
<use 1D_final_pert.pdf>
Package pdftex.def Info: 1D_final_pert.pdf  used on input line 769. on input li
ne 769.
Package pdftex.def Info: Requested size: 162.4489pt x 110.79135pt on input line
 769.
 [10 <./1D_final.pdf> <./1D_final_pert.pdf>]
<contours_delta.png, id=70, 578.16pt x 578.16pt>
File: contours_delta.png Graphic file (type png)
<use contours_delta.png>
Package pdftex.def Info: contours_delta.png  used on input line 906. on input l
ine 906.
Package pdftex.def Info: Requested size: 162.4489pt x 162.4483pt on input line 
906.
<contours_flip.png, id=72, 578.16pt x 578.16pt>
File: contours_flip.png Graphic file (type png)
<use contours_flip.png>
Package pdftex.def Info: contours_flip.png  used on input line 910. on input li
ne 910.
Package pdftex.def Info: Requested size: 162.4489pt x 162.4483pt on input line 
910.
<contours_full.png, id=73, 578.16pt x 578.16pt>
File: contours_full.png Graphic file (type png)
<use contours_full.png>
Package pdftex.def Info: contours_full.png  used on input line 913. on input li
ne 913.
Package pdftex.def Info: Requested size: 162.4489pt x 162.4483pt on input line 
913.
<contours_full_full.png, id=74, 578.16pt x 578.16pt>
File: contours_full_full.png Graphic file (type png)
<use contours_full_full.png>
Package pdftex.def Info: contours_full_full.png  used on input line 917. on inp
ut line 917.
Package pdftex.def Info: Requested size: 162.4489pt x 162.4483pt on input line 
917.
 [11]
<final_contours_ffull.png, id=78, 578.16pt x 578.16pt>
File: final_contours_ffull.png Graphic file (type png)
<use final_contours_ffull.png>
Package pdftex.def Info: final_contours_ffull.png  used on input line 936. on i
nput line 936.
Package pdftex.def Info: Requested size: 180.5pt x 180.49811pt on input line 93
6.
 [12 <./contours_delta.png> <./contours_flip.png> <./contours_full.png> <./cont
ours_full_full.png>] [13 <./final_contours_ffull.png>]
Package epstopdf Info: Source file: <L2_x.eps>
(epstopdf)                    date: 2017-11-06 13:59:11
(epstopdf)                    size: 15227 bytes
(epstopdf)             Output file: <L2_x-eps-converted-to.pdf>
(epstopdf)                    date: 2017-11-06 22:41:08
(epstopdf)                    size: 7729 bytes
(epstopdf)             Command: <repstopdf --outfile=L2_x-eps-converted-to.pdf 
L2_x.eps>
(epstopdf)             \includegraphics on input line 1106.
Package epstopdf Info: Output file is already uptodate.
<L2_x-eps-converted-to.pdf, id=91, pagebox=cropbox, 718.685pt x 487.8225pt>
File: L2_x-eps-converted-to.pdf Graphic file (type pdf)
<use L2_x-eps-converted-to.pdf>
Package pdftex.def Info: L2_x-eps-converted-to.pdf  used on input line 1106. on
 input line 1106.
Package pdftex.def Info: Requested size: 252.6989pt x 171.522pt on input line 1
106.
 [14]
Package epstopdf Info: Source file: <L2_x_vs_T.eps>
(epstopdf)                    date: 2017-11-06 22:24:38
(epstopdf)                    size: 18190 bytes
(epstopdf)             Output file: <L2_x_vs_T-eps-converted-to.pdf>
(epstopdf)                    date: 2017-11-06 22:41:08
(epstopdf)                    size: 8505 bytes
(epstopdf)             Command: <repstopdf --outfile=L2_x_vs_T-eps-converted-to
.pdf L2_x_vs_T.eps>
(epstopdf)             \includegraphics on input line 1140.
Package epstopdf Info: Output file is already uptodate.
<L2_x_vs_T-eps-converted-to.pdf, id=95, pagebox=cropbox, 704.6325pt x 491.8375p
t>
File: L2_x_vs_T-eps-converted-to.pdf Graphic file (type pdf)
<use L2_x_vs_T-eps-converted-to.pdf>
Package pdftex.def Info: L2_x_vs_T-eps-converted-to.pdf  used on input line 114
0. on input line 1140.
Package pdftex.def Info: Requested size: 252.6989pt x 176.38593pt on input line
 1140.
 [15 <./L2_x-eps-converted-to.pdf>] (./Duque_Espanol.bbl [16 <./L2_x_vs_T-eps-c
onverted-to.pdf>]) [17]
<quadrature.pdf, id=127, pagebox=cropbox, 661.47125pt x 347.2975pt>
File: quadrature.pdf Graphic file (type pdf)
<use quadrature.pdf>
Package pdftex.def Info: quadrature.pdf  used on input line 1279. on input line
 1279.
Package pdftex.def Info: Requested size: 162.4489pt x 85.28735pt on input line 
1279.
<quadrature_2D.pdf, id=128, pagebox=cropbox, 593.21625pt x 318.18875pt>
File: quadrature_2D.pdf Graphic file (type pdf)
<use quadrature_2D.pdf>
Package pdftex.def Info: quadrature_2D.pdf  used on input line 1280. on input l
ine 1280.
Package pdftex.def Info: Requested size: 162.4489pt x 87.1356pt on input line 1
280.
 [18] [19 <./quadrature.pdf> <./quadrature_2D.pdf>] (./Duque_Espanol.aux

Package natbib Warning: Citation(s) may have changed.
(natbib)                Rerun to get citations correct.

) ) 
Here is how much of TeX's memory you used:
 3197 strings out of 492985
 40922 string characters out of 6138637
 108479 words of memory out of 5000000
 6680 multiletter control sequences out of 15000+600000
 13175 words of font info for 49 fonts, out of 8000000 for 9000
 1141 hyphenation exceptions out of 8191
 41i,12n,32p,498b,280s stack positions out of 5000i,500n,10000p,200000b,80000s
</usr/share/texmf-dist/fonts/type1/public/amsfonts/cm/cmbx10.pfb></usr/share
/texmf-dist/fonts/type1/public/amsfonts/cm/cmbxti10.pfb></usr/share/texmf-dist/
fonts/type1/public/amsfonts/cm/cmcsc10.pfb></usr/share/texmf-dist/fonts/type1/p
ublic/amsfonts/cm/cmex10.pfb></usr/share/texmf-dist/fonts/type1/public/amsfonts
/cm/cmmi10.pfb></usr/share/texmf-dist/fonts/type1/public/amsfonts/cm/cmmi5.pfb>
</usr/share/texmf-dist/fonts/type1/public/amsfonts/cm/cmmi6.pfb></usr/share/tex
mf-dist/fonts/type1/public/amsfonts/cm/cmmi7.pfb></usr/share/texmf-dist/fonts/t
ype1/public/amsfonts/cm/cmmi8.pfb></usr/share/texmf-dist/fonts/type1/public/ams
fonts/cm/cmmib10.pfb></usr/share/texmf-dist/fonts/type1/public/amsfonts/cm/cmr1
0.pfb></usr/share/texmf-dist/fonts/type1/public/amsfonts/cm/cmr5.pfb></usr/shar
e/texmf-dist/fonts/type1/public/amsfonts/cm/cmr6.pfb></usr/share/texmf-dist/fon
ts/type1/public/amsfonts/cm/cmr7.pfb></usr/share/texmf-dist/fonts/type1/public/
amsfonts/cm/cmr8.pfb></usr/share/texmf-dist/fonts/type1/public/amsfonts/cm/cmsy
10.pfb></usr/share/texmf-dist/fonts/type1/public/amsfonts/cm/cmsy6.pfb></usr/sh
are/texmf-dist/fonts/type1/public/amsfonts/cm/cmsy7.pfb></usr/share/texmf-dist/
fonts/type1/public/amsfonts/cm/cmsy8.pfb></usr/share/texmf-dist/fonts/type1/pub
lic/amsfonts/cm/cmti10.pfb></usr/share/texmf-dist/fonts/type1/public/amsfonts/c
m/cmti8.pfb>
Output written on Duque_Espanol.pdf (19 pages, 749782 bytes).
PDF statistics:
 217 PDF objects out of 1000 (max. 8388607)
 145 compressed objects within 2 object streams
 0 named destinations out of 1000 (max. 500000)
 56 words of extra memory for PDF output out of 10000 (max. 10000000)

